{"/Users/mst/Work/asnmt/task-manager/backend/src/app.js": {"path":"/Users/mst/Work/asnmt/task-manager/backend/src/app.js","statementMap":{"0":{"start":{"line":2,"column":16},"end":{"line":2,"column":34}},"1":{"start":{"line":3,"column":13},"end":{"line":3,"column":28}},"2":{"start":{"line":4,"column":0},"end":{"line":4,"column":27}},"3":{"start":{"line":6,"column":22},"end":{"line":6,"column":50}},"4":{"start":{"line":7,"column":25},"end":{"line":7,"column":50}},"5":{"start":{"line":8,"column":19},"end":{"line":8,"column":44}},"6":{"start":{"line":9,"column":21},"end":{"line":9,"column":57}},"7":{"start":{"line":11,"column":12},"end":{"line":11,"column":21}},"8":{"start":{"line":12,"column":13},"end":{"line":12,"column":37}},"9":{"start":{"line":15,"column":0},"end":{"line":18,"column":4}},"10":{"start":{"line":19,"column":0},"end":{"line":19,"column":24}},"11":{"start":{"line":20,"column":0},"end":{"line":20,"column":48}},"12":{"start":{"line":23,"column":0},"end":{"line":25,"column":3}},"13":{"start":{"line":24,"column":2},"end":{"line":24,"column":66}},"14":{"start":{"line":27,"column":0},"end":{"line":27,"column":34}},"15":{"start":{"line":30,"column":0},"end":{"line":30,"column":22}},"16":{"start":{"line":33,"column":0},"end":{"line":35,"column":3}},"17":{"start":{"line":34,"column":2},"end":{"line":34,"column":53}},"18":{"start":{"line":38,"column":20},"end":{"line":49,"column":1}},"19":{"start":{"line":40,"column":2},"end":{"line":48,"column":3}},"20":{"start":{"line":41,"column":4},"end":{"line":41,"column":22}},"21":{"start":{"line":42,"column":4},"end":{"line":42,"column":25}},"22":{"start":{"line":44,"column":4},"end":{"line":47,"column":7}},"23":{"start":{"line":45,"column":6},"end":{"line":45,"column":55}},"24":{"start":{"line":46,"column":6},"end":{"line":46,"column":61}},"25":{"start":{"line":52,"column":0},"end":{"line":54,"column":1}},"26":{"start":{"line":53,"column":2},"end":{"line":53,"column":16}},"27":{"start":{"line":56,"column":0},"end":{"line":56,"column":21}}},"fnMap":{"0":{"name":"(anonymous_0)","decl":{"start":{"line":23,"column":19},"end":{"line":23,"column":20}},"loc":{"start":{"line":23,"column":33},"end":{"line":25,"column":1}},"line":23},"1":{"name":"(anonymous_1)","decl":{"start":{"line":33,"column":8},"end":{"line":33,"column":9}},"loc":{"start":{"line":33,"column":22},"end":{"line":35,"column":1}},"line":33},"2":{"name":"(anonymous_2)","decl":{"start":{"line":38,"column":20},"end":{"line":38,"column":21}},"loc":{"start":{"line":38,"column":32},"end":{"line":49,"column":1}},"line":38},"3":{"name":"(anonymous_3)","decl":{"start":{"line":44,"column":21},"end":{"line":44,"column":22}},"loc":{"start":{"line":44,"column":27},"end":{"line":47,"column":5}},"line":44}},"branchMap":{"0":{"loc":{"start":{"line":12,"column":13},"end":{"line":12,"column":37}},"type":"binary-expr","locations":[{"start":{"line":12,"column":13},"end":{"line":12,"column":29}},{"start":{"line":12,"column":33},"end":{"line":12,"column":37}}],"line":12},"1":{"loc":{"start":{"line":16,"column":10},"end":{"line":16,"column":60}},"type":"binary-expr","locations":[{"start":{"line":16,"column":10},"end":{"line":16,"column":33}},{"start":{"line":16,"column":37},"end":{"line":16,"column":60}}],"line":16},"2":{"loc":{"start":{"line":40,"column":2},"end":{"line":48,"column":3}},"type":"if","locations":[{"start":{"line":40,"column":2},"end":{"line":48,"column":3}},{"start":{},"end":{}}],"line":40},"3":{"loc":{"start":{"line":52,"column":0},"end":{"line":54,"column":1}},"type":"if","locations":[{"start":{"line":52,"column":0},"end":{"line":54,"column":1}},{"start":{},"end":{}}],"line":52}},"s":{"0":1,"1":1,"2":1,"3":1,"4":1,"5":1,"6":1,"7":1,"8":1,"9":1,"10":1,"11":1,"12":1,"13":0,"14":1,"15":1,"16":1,"17":0,"18":1,"19":0,"20":0,"21":0,"22":0,"23":0,"24":0,"25":1,"26":0,"27":1},"f":{"0":0,"1":0,"2":0,"3":0},"b":{"0":[1,0],"1":[1,0],"2":[0,0],"3":[0,1]},"_coverageSchema":"1a1c01bbd47fc00a2c39e90264f33305004495a9","hash":"a55f584cec2e2bee692f4205c6426c05a6980ccc"}
,"/Users/mst/Work/asnmt/task-manager/backend/src/config/database.js": {"path":"/Users/mst/Work/asnmt/task-manager/backend/src/config/database.js","statementMap":{"0":{"start":{"line":2,"column":22},"end":{"line":2,"column":42}},"1":{"start":{"line":3,"column":13},"end":{"line":3,"column":28}},"2":{"start":{"line":4,"column":0},"end":{"line":8,"column":3}},"3":{"start":{"line":10,"column":18},"end":{"line":19,"column":2}},"4":{"start":{"line":21,"column":18},"end":{"line":41,"column":1}},"5":{"start":{"line":22,"column":2},"end":{"line":40,"column":3}},"6":{"start":{"line":23,"column":4},"end":{"line":23,"column":35}},"7":{"start":{"line":24,"column":4},"end":{"line":24,"column":53}},"8":{"start":{"line":27,"column":4},"end":{"line":33,"column":5}},"9":{"start":{"line":28,"column":6},"end":{"line":28,"column":44}},"10":{"start":{"line":29,"column":6},"end":{"line":29,"column":56}},"11":{"start":{"line":31,"column":6},"end":{"line":31,"column":45}},"12":{"start":{"line":32,"column":6},"end":{"line":32,"column":43}},"13":{"start":{"line":35,"column":4},"end":{"line":35,"column":64}},"14":{"start":{"line":36,"column":4},"end":{"line":38,"column":5}},"15":{"start":{"line":37,"column":6},"end":{"line":37,"column":22}},"16":{"start":{"line":39,"column":4},"end":{"line":39,"column":16}},"17":{"start":{"line":43,"column":0},"end":{"line":43,"column":42}}},"fnMap":{"0":{"name":"(anonymous_0)","decl":{"start":{"line":21,"column":18},"end":{"line":21,"column":19}},"loc":{"start":{"line":21,"column":30},"end":{"line":41,"column":1}},"line":21}},"branchMap":{"0":{"loc":{"start":{"line":5,"column":8},"end":{"line":7,"column":43}},"type":"cond-expr","locations":[{"start":{"line":6,"column":6},"end":{"line":6,"column":48}},{"start":{"line":7,"column":6},"end":{"line":7,"column":43}}],"line":5},"1":{"loc":{"start":{"line":12,"column":11},"end":{"line":12,"column":64}},"type":"cond-expr","locations":[{"start":{"line":12,"column":45},"end":{"line":12,"column":50}},{"start":{"line":12,"column":53},"end":{"line":12,"column":64}}],"line":12},"2":{"loc":{"start":{"line":27,"column":4},"end":{"line":33,"column":5}},"type":"if","locations":[{"start":{"line":27,"column":4},"end":{"line":33,"column":5}},{"start":{"line":30,"column":11},"end":{"line":33,"column":5}}],"line":27},"3":{"loc":{"start":{"line":36,"column":4},"end":{"line":38,"column":5}},"type":"if","locations":[{"start":{"line":36,"column":4},"end":{"line":38,"column":5}},{"start":{},"end":{}}],"line":36}},"s":{"0":1,"1":1,"2":1,"3":1,"4":1,"5":0,"6":0,"7":0,"8":0,"9":0,"10":0,"11":0,"12":0,"13":0,"14":0,"15":0,"16":0,"17":1},"f":{"0":0},"b":{"0":[1,0],"1":[1,0],"2":[0,0],"3":[0,0]},"_coverageSchema":"1a1c01bbd47fc00a2c39e90264f33305004495a9","hash":"a9cee4c6127b078aa3d1ef4de7f31ba9a5482076"}
,"/Users/mst/Work/asnmt/task-manager/backend/src/config/redis.js": {"path":"/Users/mst/Work/asnmt/task-manager/backend/src/config/redis.js","statementMap":{"0":{"start":{"line":1,"column":14},"end":{"line":1,"column":30}},"1":{"start":{"line":2,"column":0},"end":{"line":2,"column":27}},"2":{"start":{"line":4,"column":20},"end":{"line":6,"column":2}},"3":{"start":{"line":8,"column":0},"end":{"line":8,"column":76}},"4":{"start":{"line":8,"column":33},"end":{"line":8,"column":74}},"5":{"start":{"line":9,"column":0},"end":{"line":9,"column":77}},"6":{"start":{"line":9,"column":32},"end":{"line":9,"column":75}},"7":{"start":{"line":11,"column":21},"end":{"line":17,"column":1}},"8":{"start":{"line":12,"column":2},"end":{"line":16,"column":3}},"9":{"start":{"line":13,"column":4},"end":{"line":13,"column":32}},"10":{"start":{"line":15,"column":4},"end":{"line":15,"column":61}},"11":{"start":{"line":19,"column":0},"end":{"line":19,"column":47}}},"fnMap":{"0":{"name":"(anonymous_0)","decl":{"start":{"line":8,"column":24},"end":{"line":8,"column":25}},"loc":{"start":{"line":8,"column":33},"end":{"line":8,"column":74}},"line":8},"1":{"name":"(anonymous_1)","decl":{"start":{"line":9,"column":26},"end":{"line":9,"column":27}},"loc":{"start":{"line":9,"column":32},"end":{"line":9,"column":75}},"line":9},"2":{"name":"(anonymous_2)","decl":{"start":{"line":11,"column":21},"end":{"line":11,"column":22}},"loc":{"start":{"line":11,"column":33},"end":{"line":17,"column":1}},"line":11}},"branchMap":{},"s":{"0":1,"1":1,"2":1,"3":1,"4":0,"5":1,"6":0,"7":1,"8":0,"9":0,"10":0,"11":1},"f":{"0":0,"1":0,"2":0},"b":{},"_coverageSchema":"1a1c01bbd47fc00a2c39e90264f33305004495a9","hash":"07b5e91e6d0b3f41396e62579fe9714cb48e4c10"}
,"/Users/mst/Work/asnmt/task-manager/backend/src/middleware/errorHandler.js": {"path":"/Users/mst/Work/asnmt/task-manager/backend/src/middleware/errorHandler.js","statementMap":{"0":{"start":{"line":1,"column":21},"end":{"line":22,"column":1}},"1":{"start":{"line":2,"column":2},"end":{"line":2,"column":31}},"2":{"start":{"line":4,"column":2},"end":{"line":9,"column":3}},"3":{"start":{"line":5,"column":4},"end":{"line":8,"column":7}},"4":{"start":{"line":7,"column":35},"end":{"line":7,"column":44}},"5":{"start":{"line":11,"column":2},"end":{"line":16,"column":3}},"6":{"start":{"line":12,"column":4},"end":{"line":15,"column":7}},"7":{"start":{"line":18,"column":2},"end":{"line":21,"column":5}},"8":{"start":{"line":24,"column":0},"end":{"line":24,"column":30}}},"fnMap":{"0":{"name":"(anonymous_0)","decl":{"start":{"line":1,"column":21},"end":{"line":1,"column":22}},"loc":{"start":{"line":1,"column":46},"end":{"line":22,"column":1}},"line":1},"1":{"name":"(anonymous_1)","decl":{"start":{"line":7,"column":30},"end":{"line":7,"column":31}},"loc":{"start":{"line":7,"column":35},"end":{"line":7,"column":44}},"line":7}},"branchMap":{"0":{"loc":{"start":{"line":4,"column":2},"end":{"line":9,"column":3}},"type":"if","locations":[{"start":{"line":4,"column":2},"end":{"line":9,"column":3}},{"start":{},"end":{}}],"line":4},"1":{"loc":{"start":{"line":11,"column":2},"end":{"line":16,"column":3}},"type":"if","locations":[{"start":{"line":11,"column":2},"end":{"line":16,"column":3}},{"start":{},"end":{}}],"line":11},"2":{"loc":{"start":{"line":20,"column":13},"end":{"line":20,"column":90}},"type":"cond-expr","locations":[{"start":{"line":20,"column":54},"end":{"line":20,"column":65}},{"start":{"line":20,"column":68},"end":{"line":20,"column":90}}],"line":20}},"s":{"0":1,"1":0,"2":0,"3":0,"4":0,"5":0,"6":0,"7":0,"8":1},"f":{"0":0,"1":0},"b":{"0":[0,0],"1":[0,0],"2":[0,0]},"_coverageSchema":"1a1c01bbd47fc00a2c39e90264f33305004495a9","hash":"761ebc361179706994c3f278c4abedb71561359e"}
,"/Users/mst/Work/asnmt/task-manager/backend/src/models/Task.js": {"path":"/Users/mst/Work/asnmt/task-manager/backend/src/models/Task.js","statementMap":{"0":{"start":{"line":1,"column":22},"end":{"line":1,"column":42}},"1":{"start":{"line":2,"column":22},"end":{"line":2,"column":51}},"2":{"start":{"line":4,"column":13},"end":{"line":30,"column":2}},"3":{"start":{"line":32,"column":0},"end":{"line":32,"column":22}}},"fnMap":{},"branchMap":{},"s":{"0":1,"1":1,"2":1,"3":1},"f":{},"b":{},"_coverageSchema":"1a1c01bbd47fc00a2c39e90264f33305004495a9","hash":"a8d738fc194a93c1b6fff6781d7a9160bd689f5b"}
,"/Users/mst/Work/asnmt/task-manager/backend/src/routes/tasks.js": {"path":"/Users/mst/Work/asnmt/task-manager/backend/src/routes/tasks.js","statementMap":{"0":{"start":{"line":1,"column":16},"end":{"line":1,"column":34}},"1":{"start":{"line":2,"column":15},"end":{"line":2,"column":31}},"2":{"start":{"line":3,"column":13},"end":{"line":3,"column":38}},"3":{"start":{"line":4,"column":24},"end":{"line":4,"column":50}},"4":{"start":{"line":6,"column":18},"end":{"line":6,"column":29}},"5":{"start":{"line":7,"column":18},"end":{"line":7,"column":21}},"6":{"start":{"line":10,"column":19},"end":{"line":18,"column":1}},"7":{"start":{"line":11,"column":2},"end":{"line":17,"column":3}},"8":{"start":{"line":12,"column":4},"end":{"line":14,"column":5}},"9":{"start":{"line":13,"column":6},"end":{"line":13,"column":39}},"10":{"start":{"line":16,"column":4},"end":{"line":16,"column":55}},"11":{"start":{"line":21,"column":0},"end":{"line":45,"column":3}},"12":{"start":{"line":22,"column":2},"end":{"line":44,"column":3}},"13":{"start":{"line":24,"column":4},"end":{"line":29,"column":5}},"14":{"start":{"line":25,"column":21},"end":{"line":25,"column":53}},"15":{"start":{"line":26,"column":6},"end":{"line":28,"column":7}},"16":{"start":{"line":27,"column":8},"end":{"line":27,"column":44}},"17":{"start":{"line":32,"column":18},"end":{"line":34,"column":6}},"18":{"start":{"line":37,"column":4},"end":{"line":39,"column":5}},"19":{"start":{"line":38,"column":6},"end":{"line":38,"column":75}},"20":{"start":{"line":41,"column":4},"end":{"line":41,"column":20}},"21":{"start":{"line":43,"column":4},"end":{"line":43,"column":16}},"22":{"start":{"line":48,"column":0},"end":{"line":60,"column":3}},"23":{"start":{"line":49,"column":2},"end":{"line":59,"column":3}},"24":{"start":{"line":50,"column":17},"end":{"line":50,"column":51}},"25":{"start":{"line":52,"column":4},"end":{"line":54,"column":5}},"26":{"start":{"line":53,"column":6},"end":{"line":53,"column":63}},"27":{"start":{"line":56,"column":4},"end":{"line":56,"column":19}},"28":{"start":{"line":58,"column":4},"end":{"line":58,"column":16}},"29":{"start":{"line":63,"column":0},"end":{"line":82,"column":3}},"30":{"start":{"line":64,"column":2},"end":{"line":81,"column":3}},"31":{"start":{"line":65,"column":43},"end":{"line":65,"column":51}},"32":{"start":{"line":67,"column":4},"end":{"line":69,"column":5}},"33":{"start":{"line":68,"column":6},"end":{"line":68,"column":66}},"34":{"start":{"line":71,"column":17},"end":{"line":75,"column":6}},"35":{"start":{"line":77,"column":4},"end":{"line":77,"column":23}},"36":{"start":{"line":78,"column":4},"end":{"line":78,"column":31}},"37":{"start":{"line":80,"column":4},"end":{"line":80,"column":16}},"38":{"start":{"line":85,"column":0},"end":{"line":111,"column":3}},"39":{"start":{"line":86,"column":2},"end":{"line":110,"column":3}},"40":{"start":{"line":87,"column":17},"end":{"line":87,"column":51}},"41":{"start":{"line":89,"column":4},"end":{"line":91,"column":5}},"42":{"start":{"line":90,"column":6},"end":{"line":90,"column":63}},"43":{"start":{"line":93,"column":43},"end":{"line":93,"column":51}},"44":{"start":{"line":95,"column":4},"end":{"line":95,"column":55}},"45":{"start":{"line":95,"column":29},"end":{"line":95,"column":55}},"46":{"start":{"line":96,"column":4},"end":{"line":96,"column":73}},"47":{"start":{"line":96,"column":35},"end":{"line":96,"column":73}},"48":{"start":{"line":97,"column":4},"end":{"line":102,"column":5}},"49":{"start":{"line":98,"column":6},"end":{"line":100,"column":7}},"50":{"start":{"line":99,"column":8},"end":{"line":99,"column":65}},"51":{"start":{"line":101,"column":6},"end":{"line":101,"column":27}},"52":{"start":{"line":104,"column":4},"end":{"line":104,"column":22}},"53":{"start":{"line":105,"column":4},"end":{"line":105,"column":23}},"54":{"start":{"line":107,"column":4},"end":{"line":107,"column":19}},"55":{"start":{"line":109,"column":4},"end":{"line":109,"column":16}},"56":{"start":{"line":114,"column":0},"end":{"line":129,"column":3}},"57":{"start":{"line":115,"column":2},"end":{"line":128,"column":3}},"58":{"start":{"line":116,"column":17},"end":{"line":116,"column":51}},"59":{"start":{"line":118,"column":4},"end":{"line":120,"column":5}},"60":{"start":{"line":119,"column":6},"end":{"line":119,"column":63}},"61":{"start":{"line":122,"column":4},"end":{"line":122,"column":25}},"62":{"start":{"line":123,"column":4},"end":{"line":123,"column":23}},"63":{"start":{"line":125,"column":4},"end":{"line":125,"column":55}},"64":{"start":{"line":127,"column":4},"end":{"line":127,"column":16}},"65":{"start":{"line":131,"column":0},"end":{"line":131,"column":24}}},"fnMap":{"0":{"name":"(anonymous_0)","decl":{"start":{"line":10,"column":19},"end":{"line":10,"column":20}},"loc":{"start":{"line":10,"column":31},"end":{"line":18,"column":1}},"line":10},"1":{"name":"(anonymous_1)","decl":{"start":{"line":21,"column":16},"end":{"line":21,"column":17}},"loc":{"start":{"line":21,"column":42},"end":{"line":45,"column":1}},"line":21},"2":{"name":"(anonymous_2)","decl":{"start":{"line":48,"column":19},"end":{"line":48,"column":20}},"loc":{"start":{"line":48,"column":45},"end":{"line":60,"column":1}},"line":48},"3":{"name":"(anonymous_3)","decl":{"start":{"line":63,"column":17},"end":{"line":63,"column":18}},"loc":{"start":{"line":63,"column":43},"end":{"line":82,"column":1}},"line":63},"4":{"name":"(anonymous_4)","decl":{"start":{"line":85,"column":21},"end":{"line":85,"column":22}},"loc":{"start":{"line":85,"column":47},"end":{"line":111,"column":1}},"line":85},"5":{"name":"(anonymous_5)","decl":{"start":{"line":114,"column":22},"end":{"line":114,"column":23}},"loc":{"start":{"line":114,"column":48},"end":{"line":129,"column":1}},"line":114}},"branchMap":{"0":{"loc":{"start":{"line":12,"column":4},"end":{"line":14,"column":5}},"type":"if","locations":[{"start":{"line":12,"column":4},"end":{"line":14,"column":5}},{"start":{},"end":{}}],"line":12},"1":{"loc":{"start":{"line":24,"column":4},"end":{"line":29,"column":5}},"type":"if","locations":[{"start":{"line":24,"column":4},"end":{"line":29,"column":5}},{"start":{},"end":{}}],"line":24},"2":{"loc":{"start":{"line":26,"column":6},"end":{"line":28,"column":7}},"type":"if","locations":[{"start":{"line":26,"column":6},"end":{"line":28,"column":7}},{"start":{},"end":{}}],"line":26},"3":{"loc":{"start":{"line":37,"column":4},"end":{"line":39,"column":5}},"type":"if","locations":[{"start":{"line":37,"column":4},"end":{"line":39,"column":5}},{"start":{},"end":{}}],"line":37},"4":{"loc":{"start":{"line":52,"column":4},"end":{"line":54,"column":5}},"type":"if","locations":[{"start":{"line":52,"column":4},"end":{"line":54,"column":5}},{"start":{},"end":{}}],"line":52},"5":{"loc":{"start":{"line":67,"column":4},"end":{"line":69,"column":5}},"type":"if","locations":[{"start":{"line":67,"column":4},"end":{"line":69,"column":5}},{"start":{},"end":{}}],"line":67},"6":{"loc":{"start":{"line":67,"column":8},"end":{"line":67,"column":37}},"type":"binary-expr","locations":[{"start":{"line":67,"column":8},"end":{"line":67,"column":14}},{"start":{"line":67,"column":18},"end":{"line":67,"column":37}}],"line":67},"7":{"loc":{"start":{"line":73,"column":19},"end":{"line":73,"column":44}},"type":"binary-expr","locations":[{"start":{"line":73,"column":19},"end":{"line":73,"column":38}},{"start":{"line":73,"column":42},"end":{"line":73,"column":44}}],"line":73},"8":{"loc":{"start":{"line":74,"column":14},"end":{"line":74,"column":33}},"type":"binary-expr","locations":[{"start":{"line":74,"column":14},"end":{"line":74,"column":20}},{"start":{"line":74,"column":24},"end":{"line":74,"column":33}}],"line":74},"9":{"loc":{"start":{"line":89,"column":4},"end":{"line":91,"column":5}},"type":"if","locations":[{"start":{"line":89,"column":4},"end":{"line":91,"column":5}},{"start":{},"end":{}}],"line":89},"10":{"loc":{"start":{"line":95,"column":4},"end":{"line":95,"column":55}},"type":"if","locations":[{"start":{"line":95,"column":4},"end":{"line":95,"column":55}},{"start":{},"end":{}}],"line":95},"11":{"loc":{"start":{"line":96,"column":4},"end":{"line":96,"column":73}},"type":"if","locations":[{"start":{"line":96,"column":4},"end":{"line":96,"column":73}},{"start":{},"end":{}}],"line":96},"12":{"loc":{"start":{"line":97,"column":4},"end":{"line":102,"column":5}},"type":"if","locations":[{"start":{"line":97,"column":4},"end":{"line":102,"column":5}},{"start":{},"end":{}}],"line":97},"13":{"loc":{"start":{"line":98,"column":6},"end":{"line":100,"column":7}},"type":"if","locations":[{"start":{"line":98,"column":6},"end":{"line":100,"column":7}},{"start":{},"end":{}}],"line":98},"14":{"loc":{"start":{"line":118,"column":4},"end":{"line":120,"column":5}},"type":"if","locations":[{"start":{"line":118,"column":4},"end":{"line":120,"column":5}},{"start":{},"end":{}}],"line":118}},"s":{"0":1,"1":1,"2":1,"3":1,"4":1,"5":1,"6":1,"7":12,"8":12,"9":0,"10":0,"11":1,"12":2,"13":2,"14":0,"15":0,"16":0,"17":2,"18":2,"19":0,"20":2,"21":0,"22":1,"23":3,"24":3,"25":3,"26":2,"27":1,"28":0,"29":1,"30":10,"31":10,"32":10,"33":1,"34":9,"35":9,"36":9,"37":0,"38":1,"39":3,"40":3,"41":3,"42":0,"43":3,"44":3,"45":1,"46":3,"47":1,"48":3,"49":2,"50":1,"51":1,"52":2,"53":2,"54":2,"55":0,"56":1,"57":2,"58":2,"59":2,"60":1,"61":1,"62":1,"63":1,"64":0,"65":1},"f":{"0":12,"1":2,"2":3,"3":10,"4":3,"5":2},"b":{"0":[0,12],"1":[0,2],"2":[0,0],"3":[0,2],"4":[2,1],"5":[1,9],"6":[10,9],"7":[9,5],"8":[9,4],"9":[0,3],"10":[1,2],"11":[1,2],"12":[2,1],"13":[1,1],"14":[1,1]},"_coverageSchema":"1a1c01bbd47fc00a2c39e90264f33305004495a9","hash":"a09f8d0871dd6f3e4be98db0c424ad8be11d50c4"}
}
