TN:
SF:src/app.js
FN:24,(anonymous_0)
FN:32,(anonymous_1)
FN:36,(anonymous_2)
FN:41,(anonymous_3)
FNF:4
FNH:2
FNDA:1,(anonymous_0)
FNDA:1,(anonymous_1)
FNDA:0,(anonymous_2)
FNDA:0,(anonymous_3)
DA:2,1
DA:3,1
DA:4,1
DA:6,1
DA:7,1
DA:8,1
DA:9,1
DA:11,1
DA:12,1
DA:15,1
DA:21,1
DA:22,1
DA:24,1
DA:25,1
DA:28,1
DA:30,1
DA:32,1
DA:33,1
DA:36,1
DA:37,0
DA:38,0
DA:39,0
DA:41,0
DA:42,0
DA:43,0
DA:48,1
DA:49,0
DA:52,1
LF:28
LH:21
BRDA:12,0,0,1
BRDA:12,0,1,0
BRDA:17,1,0,1
BRDA:17,1,1,0
BRDA:37,2,0,0
BRDA:37,2,1,0
BRDA:48,3,0,0
BRDA:48,3,1,1
BRF:8
BRH:3
end_of_record
TN:
SF:src/config/database.js
FN:21,(anonymous_0)
FNF:1
FNH:0
FNDA:0,(anonymous_0)
DA:1,1
DA:2,1
DA:3,1
DA:10,1
DA:21,1
DA:22,0
DA:23,0
DA:24,0
DA:26,0
DA:27,0
DA:28,0
DA:30,0
DA:31,0
DA:34,0
DA:35,0
DA:36,0
DA:38,0
DA:42,1
LF:18
LH:6
BRDA:5,0,0,1
BRDA:5,0,1,0
BRDA:12,1,0,1
BRDA:12,1,1,0
BRDA:26,2,0,0
BRDA:26,2,1,0
BRDA:35,3,0,0
BRDA:35,3,1,0
BRF:8
BRH:2
end_of_record
TN:
SF:src/config/redis.js
FN:8,(anonymous_0)
FN:9,(anonymous_1)
FN:11,(anonymous_2)
FNF:3
FNH:1
FNDA:0,(anonymous_0)
FNDA:1,(anonymous_1)
FNDA:0,(anonymous_2)
DA:1,1
DA:2,1
DA:4,1
DA:8,1
DA:9,1
DA:11,1
DA:12,0
DA:13,0
DA:15,0
DA:19,1
LF:10
LH:7
BRF:0
BRH:0
end_of_record
TN:
SF:src/middleware/errorHandler.js
FN:1,(anonymous_0)
FN:7,(anonymous_1)
FNF:2
FNH:2
FNDA:10,(anonymous_0)
FNDA:1,(anonymous_1)
DA:1,1
DA:4,10
DA:5,1
DA:7,1
DA:11,9
DA:12,9
DA:18,0
DA:24,1
LF:8
LH:7
BRDA:4,0,0,1
BRDA:4,0,1,9
BRDA:11,1,0,9
BRDA:11,1,1,0
BRDA:20,2,0,0
BRDA:20,2,1,0
BRF:6
BRH:3
end_of_record
TN:
SF:src/models/Task.js
FNF:0
FNH:0
DA:1,1
DA:2,1
DA:4,1
DA:32,1
LF:4
LH:4
BRF:0
BRH:0
end_of_record
TN:
SF:src/routes/tasks.js
FN:9,(anonymous_0)
FN:19,(anonymous_1)
FN:42,(anonymous_2)
FN:56,(anonymous_3)
FN:77,(anonymous_4)
FN:105,(anonymous_5)
FNF:6
FNH:6
FNDA:95,(anonymous_0)
FNDA:9,(anonymous_1)
FNDA:8,(anonymous_2)
FNDA:84,(anonymous_3)
FNDA:24,(anonymous_4)
FNDA:7,(anonymous_5)
DA:1,1
DA:2,1
DA:3,1
DA:4,1
DA:6,1
DA:7,1
DA:9,1
DA:10,95
DA:11,95
DA:12,95
DA:15,0
DA:19,1
DA:20,9
DA:21,9
DA:22,9
DA:23,9
DA:24,1
DA:28,8
DA:32,8
DA:33,8
DA:36,8
DA:38,0
DA:42,1
DA:43,8
DA:44,8
DA:46,5
DA:47,2
DA:50,3
DA:52,3
DA:56,1
DA:57,84
DA:58,84
DA:60,84
DA:61,5
DA:64,79
DA:70,78
DA:71,78
DA:73,1
DA:77,1
DA:78,24
DA:79,24
DA:81,21
DA:82,1
DA:85,20
DA:87,20
DA:88,20
DA:89,20
DA:90,16
DA:91,6
DA:93,10
DA:96,14
DA:97,14
DA:99,14
DA:101,3
DA:105,1
DA:106,7
DA:107,7
DA:109,4
DA:110,1
DA:113,3
DA:114,3
DA:116,3
DA:118,3
DA:122,1
LF:64
LH:62
BRDA:11,0,0,95
BRDA:11,0,1,0
BRDA:21,1,0,9
BRDA:21,1,1,0
BRDA:23,2,0,1
BRDA:23,2,1,8
BRDA:32,3,0,8
BRDA:32,3,1,0
BRDA:46,4,0,2
BRDA:46,4,1,3
BRDA:60,5,0,5
BRDA:60,5,1,79
BRDA:60,6,0,84
BRDA:60,6,1,80
BRDA:66,7,0,79
BRDA:66,7,1,22
BRDA:67,8,0,79
BRDA:67,8,1,22
BRDA:81,9,0,1
BRDA:81,9,1,20
BRDA:87,10,0,5
BRDA:87,10,1,15
BRDA:88,11,0,1
BRDA:88,11,1,19
BRDA:89,12,0,16
BRDA:89,12,1,4
BRDA:90,13,0,6
BRDA:90,13,1,10
BRDA:109,14,0,1
BRDA:109,14,1,3
BRF:30
BRH:27
end_of_record
