TN:
SF:src/app.js
FN:23,(anonymous_0)
FN:33,(anonymous_1)
FN:38,(anonymous_2)
FN:44,(anonymous_3)
FNF:4
FNH:0
FNDA:0,(anonymous_0)
FNDA:0,(anonymous_1)
FNDA:0,(anonymous_2)
FNDA:0,(anonymous_3)
DA:2,1
DA:3,1
DA:4,1
DA:6,1
DA:7,1
DA:8,1
DA:9,1
DA:11,1
DA:12,1
DA:15,1
DA:19,1
DA:20,1
DA:23,1
DA:24,0
DA:27,1
DA:30,1
DA:33,1
DA:34,0
DA:38,1
DA:40,0
DA:41,0
DA:42,0
DA:44,0
DA:45,0
DA:46,0
DA:52,1
DA:53,0
DA:56,1
LF:28
LH:19
BRDA:12,0,0,1
BRDA:12,0,1,0
BRDA:16,1,0,1
BRDA:16,1,1,0
BRDA:40,2,0,0
BRDA:40,2,1,0
BRDA:52,3,0,0
BRDA:52,3,1,1
BRF:8
BRH:3
end_of_record
TN:
SF:src/config/database.js
FN:21,(anonymous_0)
FNF:1
FNH:0
FNDA:0,(anonymous_0)
DA:2,1
DA:3,1
DA:4,1
DA:10,1
DA:21,1
DA:22,0
DA:23,0
DA:24,0
DA:27,0
DA:28,0
DA:29,0
DA:31,0
DA:32,0
DA:35,0
DA:36,0
DA:37,0
DA:39,0
DA:43,1
LF:18
LH:6
BRDA:5,0,0,1
BRDA:5,0,1,0
BRDA:12,1,0,1
BRDA:12,1,1,0
BRDA:27,2,0,0
BRDA:27,2,1,0
BRDA:36,3,0,0
BRDA:36,3,1,0
BRF:8
BRH:2
end_of_record
TN:
SF:src/config/redis.js
FN:8,(anonymous_0)
FN:9,(anonymous_1)
FN:11,(anonymous_2)
FNF:3
FNH:0
FNDA:0,(anonymous_0)
FNDA:0,(anonymous_1)
FNDA:0,(anonymous_2)
DA:1,1
DA:2,1
DA:4,1
DA:8,1
DA:9,1
DA:11,1
DA:12,0
DA:13,0
DA:15,0
DA:19,1
LF:10
LH:7
BRF:0
BRH:0
end_of_record
TN:
SF:src/middleware/errorHandler.js
FN:1,(anonymous_0)
FN:7,(anonymous_1)
FNF:2
FNH:0
FNDA:0,(anonymous_0)
FNDA:0,(anonymous_1)
DA:1,1
DA:2,0
DA:4,0
DA:5,0
DA:7,0
DA:11,0
DA:12,0
DA:18,0
DA:24,1
LF:9
LH:2
BRDA:4,0,0,0
BRDA:4,0,1,0
BRDA:11,1,0,0
BRDA:11,1,1,0
BRDA:20,2,0,0
BRDA:20,2,1,0
BRF:6
BRH:0
end_of_record
TN:
SF:src/models/Task.js
FNF:0
FNH:0
DA:1,1
DA:2,1
DA:4,1
DA:32,1
LF:4
LH:4
BRF:0
BRH:0
end_of_record
TN:
SF:src/routes/tasks.js
FN:10,(anonymous_0)
FN:21,(anonymous_1)
FN:48,(anonymous_2)
FN:63,(anonymous_3)
FN:85,(anonymous_4)
FN:114,(anonymous_5)
FNF:6
FNH:6
FNDA:12,(anonymous_0)
FNDA:2,(anonymous_1)
FNDA:3,(anonymous_2)
FNDA:10,(anonymous_3)
FNDA:3,(anonymous_4)
FNDA:2,(anonymous_5)
DA:1,1
DA:2,1
DA:3,1
DA:4,1
DA:6,1
DA:7,1
DA:10,1
DA:11,12
DA:12,12
DA:13,0
DA:16,0
DA:21,1
DA:22,2
DA:24,2
DA:25,0
DA:26,0
DA:27,0
DA:32,2
DA:37,2
DA:38,0
DA:41,2
DA:43,0
DA:48,1
DA:49,3
DA:50,3
DA:52,3
DA:53,2
DA:56,1
DA:58,0
DA:63,1
DA:64,10
DA:65,10
DA:67,10
DA:68,1
DA:71,9
DA:77,9
DA:78,9
DA:80,0
DA:85,1
DA:86,3
DA:87,3
DA:89,3
DA:90,0
DA:93,3
DA:95,3
DA:96,3
DA:97,3
DA:98,2
DA:99,1
DA:101,1
DA:104,2
DA:105,2
DA:107,2
DA:109,0
DA:114,1
DA:115,2
DA:116,2
DA:118,2
DA:119,1
DA:122,1
DA:123,1
DA:125,1
DA:127,0
DA:131,1
LF:64
LH:52
BRDA:12,0,0,0
BRDA:12,0,1,12
BRDA:24,1,0,0
BRDA:24,1,1,2
BRDA:26,2,0,0
BRDA:26,2,1,0
BRDA:37,3,0,0
BRDA:37,3,1,2
BRDA:52,4,0,2
BRDA:52,4,1,1
BRDA:67,5,0,1
BRDA:67,5,1,9
BRDA:67,6,0,10
BRDA:67,6,1,9
BRDA:73,7,0,9
BRDA:73,7,1,5
BRDA:74,8,0,9
BRDA:74,8,1,4
BRDA:89,9,0,0
BRDA:89,9,1,3
BRDA:95,10,0,1
BRDA:95,10,1,2
BRDA:96,11,0,1
BRDA:96,11,1,2
BRDA:97,12,0,2
BRDA:97,12,1,1
BRDA:98,13,0,1
BRDA:98,13,1,1
BRDA:118,14,0,1
BRDA:118,14,1,1
BRF:30
BRH:24
end_of_record
